0 info it worked if it ends with ok
1 verbose cli [ '/usr/bin/node', '/usr/bin/npm', 'start' ]
2 info using npm@1.4.28
3 info using node@v0.10.40
4 verbose node symlink /usr/bin/node
5 verbose run-script [ 'prestart', 'start', 'poststart' ]
6 info prestart pramenezdravia.sk@0.0.1
7 verbose unsafe-perm in lifecycle true
8 info start pramenezdravia.sk@0.0.1
9 verbose unsafe-perm in lifecycle true
10 info pramenezdravia.sk@0.0.1 Failed to exec start script
11 error pramenezdravia.sk@0.0.1 start: `http-server -a $IP -p $PORT`
11 error Exit status 8
12 error Failed at the pramenezdravia.sk@0.0.1 start script.
12 error This is most likely a problem with the pramenezdravia.sk package,
12 error not with npm itself.
12 error Tell the author that this fails on your system:
12 error     http-server -a $IP -p $PORT
12 error You can get their info via:
12 error     npm owner ls pramenezdravia.sk
12 error There is likely additional logging output above.
13 error System Linux 3.13.0-62-generic
14 error command "/usr/bin/node" "/usr/bin/npm" "start"
15 error cwd /home/werdy/code/angular/pz.sk
16 error node -v v0.10.40
17 error npm -v 1.4.28
18 error code ELIFECYCLE
19 verbose exit [ 1, true ]
